Arguments: 
  C:\Program Files\nodejs\node.exe C:\Users\admin\AppData\Roaming\npm\node_modules\yarn\bin\yarn.js add creat-react-app second-app

PATH: 
  C:\Program Files\Git\mingw64\bin;C:\Program Files\Git\usr\bin;C:\Users\admin\bin;C:\app\admin\product\18.0.0\dbhomeXE\bin;C:\Program Files (x86)\Common Files\Oracle\Java\javapath;C:\WINDOWS\system32;C:\WINDOWS;C:\WINDOWS\System32\Wbem;C:\WINDOWS\System32\WindowsPowerShell\v1.0;C:\WINDOWS\System32\OpenSSH;C:\Program Files\Java\jdk1.8.0_241\bin;C:\Program Files\PuTTY;C:\Program Files\nodejs;C:\Users\admin\AppData\Local\Microsoft\WindowsApps;C:\Users\admin\AppData\Local\Programs\Microsoft VS Code\bin;C:\Users\admin\AppData\Roaming\npm

Yarn version: 
  1.22.4

Node version: 
  12.18.2

Platform: 
  win32 x64

Trace: 
  Error: https://registry.yarnpkg.com/creat-react-app: Not found
      at Request.params.callback [as _callback] (C:\Users\admin\AppData\Roaming\npm\node_modules\yarn\lib\cli.js:66987:18)
      at Request.self.callback (C:\Users\admin\AppData\Roaming\npm\node_modules\yarn\lib\cli.js:140748:22)
      at Request.emit (events.js:315:20)
      at Request.<anonymous> (C:\Users\admin\AppData\Roaming\npm\node_modules\yarn\lib\cli.js:141720:10)
      at Request.emit (events.js:315:20)
      at IncomingMessage.<anonymous> (C:\Users\admin\AppData\Roaming\npm\node_modules\yarn\lib\cli.js:141642:12)
      at Object.onceWrapper (events.js:421:28)
      at IncomingMessage.emit (events.js:327:22)
      at endReadableNT (_stream_readable.js:1221:12)
      at processTicksAndRejections (internal/process/task_queues.js:84:21)

npm manifest: 
  No manifest

yarn manifest: 
  No manifest

Lockfile: 
  No lockfile
